<?xml version="1.0" encoding="UTF-8"?>
<!-- Generated by org.testng.reporters.JUnitReportReporter -->
<testsuite skipped="0" hostname="DESKTOP-U29K8I6" name="com.inetBanking.testCases.TC_LoginTest_001" tests="1" failures="0" timestamp="2021-07-20T19:16:24 EDT" time="4.694" errors="0">
  <testcase name="loginTest" time="4.694" classname="com.inetBanking.testCases.TC_LoginTest_001"/>
  <system-out/>
</testsuite> <!-- com.inetBanking.testCases.TC_LoginTest_001 -->
