<?xml version="1.0" encoding="UTF-8"?>
<!-- Generated by org.testng.reporters.JUnitReportReporter -->
<testsuite skipped="0" hostname="DESKTOP-6V7HDD1" name="com.inetBanking.testCases.TC_AddNewCutomer_003" tests="1" failures="0" timestamp="2021-07-15T18:12:52 EDT" time="7.607" errors="0">
  <testcase name="addNewCustomer" time="7.607" classname="com.inetBanking.testCases.TC_AddNewCutomer_003"/>
  <system-out/>
</testsuite> <!-- com.inetBanking.testCases.TC_AddNewCutomer_003 -->
